[ 2016-06-07T20:38:06+08:00 ] ::1 /solarstory/index.php/Home/story/index.html
WARN: sss
[ 2016-06-07T20:38:06+08:00 ] ::1 /solarstory/index.php/Home/story/index.html
INFO: [ app_init ] --START--
INFO: Run Behavior\BuildLiteBehavior [ RunTime:0.000019s ]
INFO: [ app_init ] --END-- [ RunTime:0.000718s ]

[ 2016-06-07T20:38:06+08:00 ] ::1 /solarstory/index.php/Home/story/index.html
WARN: sss
[ 2016-06-07T20:38:06+08:00 ] ::1 /solarstory/index.php/Home/story/index.html
INFO: [ app_init ] --START--
INFO: Run Behavior\BuildLiteBehavior [ RunTime:0.000009s ]
INFO: [ app_init ] --END-- [ RunTime:0.000228s ]

[ 2016-06-07T20:38:10+08:00 ] ::1 /solarstory/index.php
INFO: [ app_init ] --START--
INFO: Run Behavior\BuildLiteBehavior [ RunTime:0.000008s ]
INFO: [ app_init ] --END-- [ RunTime:0.000273s ]
ERR: 无法加载控制器:Index

[ 2016-06-07T20:38:14+08:00 ] ::1 /solarstory/index.php/Home/story/index.html
WARN: sss
[ 2016-06-07T20:38:14+08:00 ] ::1 /solarstory/index.php/Home/story/index.html
INFO: [ app_init ] --START--
INFO: Run Behavior\BuildLiteBehavior [ RunTime:0.000011s ]
INFO: [ app_init ] --END-- [ RunTime:0.000331s ]

[ 2016-06-07T20:38:14+08:00 ] ::1 /solarstory/index.php/home/story/ajaxGetComments?articleid=26&page=1
INFO: [ app_init ] --START--
INFO: Run Behavior\BuildLiteBehavior [ RunTime:0.000010s ]
INFO: [ app_init ] --END-- [ RunTime:0.000463s ]

[ 2016-06-07T20:38:19+08:00 ] ::1 /solarstory/index.php/home/story/index.html
WARN: sss
[ 2016-06-07T20:38:19+08:00 ] ::1 /solarstory/index.php/home/story/index.html
INFO: [ app_init ] --START--
INFO: Run Behavior\BuildLiteBehavior [ RunTime:0.000012s ]
INFO: [ app_init ] --END-- [ RunTime:0.000363s ]

[ 2016-06-07T20:38:19+08:00 ] ::1 /solarstory/index.php/Home/story/code.html
INFO: [ app_init ] --START--
INFO: Run Behavior\BuildLiteBehavior [ RunTime:0.000010s ]
INFO: [ app_init ] --END-- [ RunTime:0.000225s ]

[ 2016-06-07T20:38:19+08:00 ] ::1 /solarstory/index.php/home/story/index.html
WARN: sss
[ 2016-06-07T20:38:19+08:00 ] ::1 /solarstory/index.php/home/story/index.html
INFO: [ app_init ] --START--
INFO: Run Behavior\BuildLiteBehavior [ RunTime:0.000016s ]
INFO: [ app_init ] --END-- [ RunTime:0.000492s ]

[ 2016-06-07T20:38:20+08:00 ] ::1 /solarstory/index.php/Home/story/code.html
INFO: [ app_init ] --START--
INFO: Run Behavior\BuildLiteBehavior [ RunTime:0.000017s ]
INFO: [ app_init ] --END-- [ RunTime:0.000524s ]

[ 2016-06-07T21:25:39+08:00 ] ::1 /solarstory/index.php/home/story/index.html
INFO: [ app_init ] --START--
INFO: Run Behavior\BuildLiteBehavior [ RunTime:0.000023s ]
INFO: [ app_init ] --END-- [ RunTime:0.001140s ]

[ 2016-06-07T21:25:52+08:00 ] ::1 /solarstory/index.php/home/story/index.html
WARN: sss
[ 2016-06-07T21:25:52+08:00 ] ::1 /solarstory/index.php/home/story/index.html
INFO: [ app_init ] --START--
INFO: Run Behavior\BuildLiteBehavior [ RunTime:0.000011s ]
INFO: [ app_init ] --END-- [ RunTime:0.000290s ]

[ 2016-06-07T21:26:24+08:00 ] ::1 /solarstory/index.php/home/story/index.html
WARN: sss
[ 2016-06-07T21:26:24+08:00 ] ::1 /solarstory/index.php/home/story/index.html
INFO: [ app_init ] --START--
INFO: Run Behavior\BuildLiteBehavior [ RunTime:0.000071s ]
INFO: [ app_init ] --END-- [ RunTime:0.001447s ]

[ 2016-06-07T21:26:24+08:00 ] ::1 /solarstory/index.php/Home/story/code.html
INFO: [ app_init ] --START--
INFO: Run Behavior\BuildLiteBehavior [ RunTime:0.000012s ]
INFO: [ app_init ] --END-- [ RunTime:0.000413s ]

[ 2016-06-07T21:26:47+08:00 ] ::1 /solarstory/index.php/home/story/index.html
WARN: sss
[ 2016-06-07T21:26:47+08:00 ] ::1 /solarstory/index.php/home/story/index.html
INFO: [ app_init ] --START--
INFO: Run Behavior\BuildLiteBehavior [ RunTime:0.000013s ]
INFO: [ app_init ] --END-- [ RunTime:0.000665s ]

[ 2016-06-07T21:26:47+08:00 ] ::1 /solarstory/index.php/Home/story/code.html
INFO: [ app_init ] --START--
INFO: Run Behavior\BuildLiteBehavior [ RunTime:0.000011s ]
INFO: [ app_init ] --END-- [ RunTime:0.000394s ]

[ 2016-06-07T21:28:20+08:00 ] ::1 /solarstory/index.php/home/story/index.html
WARN: sss
[ 2016-06-07T21:28:20+08:00 ] ::1 /solarstory/index.php/home/story/index.html
INFO: [ app_init ] --START--
INFO: Run Behavior\BuildLiteBehavior [ RunTime:0.000018s ]
INFO: [ app_init ] --END-- [ RunTime:0.000909s ]

[ 2016-06-07T21:28:20+08:00 ] ::1 /solarstory/index.php/Home/story/code.html
INFO: [ app_init ] --START--
INFO: Run Behavior\BuildLiteBehavior [ RunTime:0.000011s ]
INFO: [ app_init ] --END-- [ RunTime:0.000317s ]

[ 2016-06-07T21:49:55+08:00 ] ::1 /solarstory/index.php/home/story/index.html
WARN: sss
[ 2016-06-07T21:49:55+08:00 ] ::1 /solarstory/index.php/home/story/index.html
INFO: [ app_init ] --START--
INFO: Run Behavior\BuildLiteBehavior [ RunTime:0.000020s ]
INFO: [ app_init ] --END-- [ RunTime:0.001065s ]

[ 2016-06-07T21:49:55+08:00 ] ::1 /solarstory/index.php/Home/story/code.html
INFO: [ app_init ] --START--
INFO: Run Behavior\BuildLiteBehavior [ RunTime:0.000012s ]
INFO: [ app_init ] --END-- [ RunTime:0.000337s ]

[ 2016-06-07T21:55:06+08:00 ] ::1 /solarstory/index.php/home/story/index.html
WARN: sss
[ 2016-06-07T21:55:06+08:00 ] ::1 /solarstory/index.php/home/story/index.html
INFO: [ app_init ] --START--
INFO: Run Behavior\BuildLiteBehavior [ RunTime:0.000021s ]
INFO: [ app_init ] --END-- [ RunTime:0.000945s ]

[ 2016-06-07T21:55:06+08:00 ] ::1 /solarstory/index.php/Home/story/code.html
INFO: [ app_init ] --START--
INFO: Run Behavior\BuildLiteBehavior [ RunTime:0.000011s ]
INFO: [ app_init ] --END-- [ RunTime:0.000334s ]

[ 2016-06-07T21:55:07+08:00 ] ::1 /solarstory/index.php/home/story/search?
INFO: [ app_init ] --START--
INFO: Run Behavior\BuildLiteBehavior [ RunTime:0.000012s ]
INFO: [ app_init ] --END-- [ RunTime:0.000263s ]
ERR: 1146:Table 'solarstory.tag' doesn't exist
 [ SQL语句 ] : SHOW COLUMNS FROM `tag`

[ 2016-06-07T21:55:43+08:00 ] ::1 /solarstory/index.php/home/story/search?
INFO: [ app_init ] --START--
INFO: Run Behavior\BuildLiteBehavior [ RunTime:0.000013s ]
INFO: [ app_init ] --END-- [ RunTime:0.000944s ]
ERR: 1064:You have an error in your SQL syntax; check the manual that corresponds to your MySQL server version for the right syntax to use near 'like ) AND (  %% ) ) GROUP BY a.id LIMIT -8,8' at line 1
 [ SQL语句 ] : SELECT a.id,a.time,a.text,u.id as uid,u.imgurl,u.username FROM article a INNER JOIN user u ON a.userid=u.id INNER JOIN article_tags at ON a.id=at.articleid INNER JOIN tags t ON at.tagid=t.id  WHERE (  a.text ) AND (  (  like ) AND (  %% ) ) GROUP BY a.id LIMIT -8,8  

[ 2016-06-07T21:56:08+08:00 ] ::1 /solarstory/index.php/home/story/search?
INFO: [ app_init ] --START--
INFO: Run Behavior\BuildLiteBehavior [ RunTime:0.000008s ]
INFO: [ app_init ] --END-- [ RunTime:0.000328s ]
ERR: 1064:You have an error in your SQL syntax; check the manual that corresponds to your MySQL server version for the right syntax to use near 'like ) AND (  %% ) ) GROUP BY a.id LIMIT 0,8' at line 1
 [ SQL语句 ] : SELECT a.id,a.time,a.text,u.id as uid,u.imgurl,u.username FROM article a INNER JOIN user u ON a.userid=u.id INNER JOIN article_tags at ON a.id=at.articleid INNER JOIN tags t ON at.tagid=t.id  WHERE (  a.text ) AND (  (  like ) AND (  %% ) ) GROUP BY a.id LIMIT 0,8  

[ 2016-06-07T21:57:20+08:00 ] ::1 /solarstory/index.php/home/story/search?
INFO: [ app_init ] --START--
INFO: Run Behavior\BuildLiteBehavior [ RunTime:0.000010s ]
INFO: [ app_init ] --END-- [ RunTime:0.000338s ]

[ 2016-06-07T21:57:27+08:00 ] ::1 /solarstory/index.php/home/story/search?
INFO: [ app_init ] --START--
INFO: Run Behavior\BuildLiteBehavior [ RunTime:0.000009s ]
INFO: [ app_init ] --END-- [ RunTime:0.000267s ]

[ 2016-06-07T21:58:00+08:00 ] ::1 /solarstory/index.php/home/story/search?
INFO: [ app_init ] --START--
INFO: Run Behavior\BuildLiteBehavior [ RunTime:0.000022s ]
INFO: [ app_init ] --END-- [ RunTime:0.001043s ]

[ 2016-06-07T21:58:02+08:00 ] ::1 /solarstory/index.php/home/story/index.html
WARN: sss
[ 2016-06-07T21:58:02+08:00 ] ::1 /solarstory/index.php/home/story/index.html
INFO: [ app_init ] --START--
INFO: Run Behavior\BuildLiteBehavior [ RunTime:0.000012s ]
INFO: [ app_init ] --END-- [ RunTime:0.000270s ]

[ 2016-06-07T21:58:02+08:00 ] ::1 /solarstory/index.php/Home/story/code.html
INFO: [ app_init ] --START--
INFO: Run Behavior\BuildLiteBehavior [ RunTime:0.000010s ]
INFO: [ app_init ] --END-- [ RunTime:0.000280s ]

[ 2016-06-07T21:58:06+08:00 ] ::1 /solarstory/index.php/home/story/search?key=desw
INFO: [ app_init ] --START--
INFO: Run Behavior\BuildLiteBehavior [ RunTime:0.000008s ]
INFO: [ app_init ] --END-- [ RunTime:0.000194s ]

[ 2016-06-07T21:59:01+08:00 ] ::1 /solarstory/index.php/home/story/search?key=desw
INFO: [ app_init ] --START--
INFO: Run Behavior\BuildLiteBehavior [ RunTime:0.000009s ]
INFO: [ app_init ] --END-- [ RunTime:0.000219s ]

[ 2016-06-07T21:59:06+08:00 ] ::1 /solarstory/index.php/home/story/search?key=
INFO: [ app_init ] --START--
INFO: Run Behavior\BuildLiteBehavior [ RunTime:0.000008s ]
INFO: [ app_init ] --END-- [ RunTime:0.000197s ]

[ 2016-06-07T21:59:11+08:00 ] ::1 /solarstory/index.php/home/story/search?key=++
INFO: [ app_init ] --START--
INFO: Run Behavior\BuildLiteBehavior [ RunTime:0.000011s ]
INFO: [ app_init ] --END-- [ RunTime:0.000541s ]

[ 2016-06-07T23:04:28+08:00 ] ::1 /solarstory/index.php/home/story/index.html
WARN: sss
[ 2016-06-07T23:04:28+08:00 ] ::1 /solarstory/index.php/home/story/index.html
INFO: [ app_init ] --START--
INFO: Run Behavior\BuildLiteBehavior [ RunTime:0.000022s ]
INFO: [ app_init ] --END-- [ RunTime:0.002974s ]

[ 2016-06-07T23:04:28+08:00 ] ::1 /solarstory/index.php/Home/story/code.html
INFO: [ app_init ] --START--
INFO: Run Behavior\BuildLiteBehavior [ RunTime:0.000012s ]
INFO: [ app_init ] --END-- [ RunTime:0.000395s ]

[ 2016-06-07T23:04:34+08:00 ] ::1 /solarstory/index.php/home/story/search?key=ss+oo
INFO: [ app_init ] --START--
INFO: Run Behavior\BuildLiteBehavior [ RunTime:0.000009s ]
INFO: [ app_init ] --END-- [ RunTime:0.000387s ]

[ 2016-06-07T23:05:14+08:00 ] ::1 /solarstory/index.php/home/story/search?key=ss+oo
INFO: [ app_init ] --START--
INFO: Run Behavior\BuildLiteBehavior [ RunTime:0.000014s ]
INFO: [ app_init ] --END-- [ RunTime:0.000870s ]

[ 2016-06-07T23:05:19+08:00 ] ::1 /solarstory/index.php/home/story/search?key=ss+oo
INFO: [ app_init ] --START--
INFO: Run Behavior\BuildLiteBehavior [ RunTime:0.000012s ]
INFO: [ app_init ] --END-- [ RunTime:0.000302s ]

[ 2016-06-07T23:05:26+08:00 ] ::1 /solarstory/index.php/home/story/search?key=ss+oo
INFO: [ app_init ] --START--
INFO: Run Behavior\BuildLiteBehavior [ RunTime:0.000014s ]
INFO: [ app_init ] --END-- [ RunTime:0.000393s ]

[ 2016-06-07T23:07:45+08:00 ] ::1 /solarstory/index.php/home/story/search?key=ss+oo
INFO: [ app_init ] --START--
INFO: Run Behavior\BuildLiteBehavior [ RunTime:0.000015s ]
INFO: [ app_init ] --END-- [ RunTime:0.000786s ]

[ 2016-06-07T23:07:51+08:00 ] ::1 /solarstory/index.php/home/story/search?key=ss+oo
INFO: [ app_init ] --START--
INFO: Run Behavior\BuildLiteBehavior [ RunTime:0.000008s ]
INFO: [ app_init ] --END-- [ RunTime:0.000198s ]

[ 2016-06-07T23:08:01+08:00 ] ::1 /solarstory/index.php/home/story/search?key=ss+oo
INFO: [ app_init ] --START--
INFO: Run Behavior\BuildLiteBehavior [ RunTime:0.000016s ]
INFO: [ app_init ] --END-- [ RunTime:0.000507s ]

[ 2016-06-07T23:08:06+08:00 ] ::1 /solarstory/index.php/home/story/search?key=ss+oo
INFO: [ app_init ] --START--
INFO: Run Behavior\BuildLiteBehavior [ RunTime:0.000013s ]
INFO: [ app_init ] --END-- [ RunTime:0.000279s ]

[ 2016-06-07T23:08:11+08:00 ] ::1 /solarstory/index.php/home/story/search?key=ss+oo
INFO: [ app_init ] --START--
INFO: Run Behavior\BuildLiteBehavior [ RunTime:0.000011s ]
INFO: [ app_init ] --END-- [ RunTime:0.000354s ]

[ 2016-06-07T23:08:14+08:00 ] ::1 /solarstory/index.php/home/story/search?key=ss+oo
INFO: [ app_init ] --START--
INFO: Run Behavior\BuildLiteBehavior [ RunTime:0.000017s ]
INFO: [ app_init ] --END-- [ RunTime:0.000378s ]

[ 2016-06-07T23:08:18+08:00 ] ::1 /solarstory/index.php/home/story/search?key=ss+oo
INFO: [ app_init ] --START--
INFO: Run Behavior\BuildLiteBehavior [ RunTime:0.000014s ]
INFO: [ app_init ] --END-- [ RunTime:0.000240s ]

[ 2016-06-07T23:08:33+08:00 ] ::1 /solarstory/index.php/home/story/search?key=ss+oo
INFO: [ app_init ] --START--
INFO: Run Behavior\BuildLiteBehavior [ RunTime:0.000011s ]
INFO: [ app_init ] --END-- [ RunTime:0.000389s ]

[ 2016-06-07T23:08:40+08:00 ] ::1 /solarstory/index.php/home/story/search?key=ss+oo
INFO: [ app_init ] --START--
INFO: Run Behavior\BuildLiteBehavior [ RunTime:0.000010s ]
INFO: [ app_init ] --END-- [ RunTime:0.000306s ]

[ 2016-06-07T23:09:12+08:00 ] ::1 /solarstory/index.php/home/story/search?key=ss+oo
INFO: [ app_init ] --START--
INFO: Run Behavior\BuildLiteBehavior [ RunTime:0.000014s ]
INFO: [ app_init ] --END-- [ RunTime:0.001277s ]

[ 2016-06-07T23:09:19+08:00 ] ::1 /solarstory/index.php/home/story/search?key=ss+oo
INFO: [ app_init ] --START--
INFO: Run Behavior\BuildLiteBehavior [ RunTime:0.000011s ]
INFO: [ app_init ] --END-- [ RunTime:0.000241s ]

[ 2016-06-07T23:09:27+08:00 ] ::1 /solarstory/index.php/home/story/search?key=ss+oo
INFO: [ app_init ] --START--
INFO: Run Behavior\BuildLiteBehavior [ RunTime:0.000012s ]
INFO: [ app_init ] --END-- [ RunTime:0.000279s ]
ERR: 1064:You have an error in your SQL syntax; check the manual that corresponds to your MySQL server version for the right syntax to use near 'like ) AND (  %ss% ) ) GROUP BY a.id LIMIT 0,8' at line 1
 [ SQL语句 ] : SELECT a.id,a.time,a.text,u.id as uid,u.imgurl,u.username FROM article a INNER JOIN user u ON a.userid=u.id INNER JOIN article_tags at ON a.id=at.articleid INNER JOIN tags t ON at.tagid=t.id  WHERE (  a.text ) AND (  (  like ) AND (  %ss% ) ) GROUP BY a.id LIMIT 0,8  

[ 2016-06-07T23:10:38+08:00 ] ::1 /solarstory/index.php/home/story/search?key=ss+oo
INFO: [ app_init ] --START--
INFO: Run Behavior\BuildLiteBehavior [ RunTime:0.000044s ]
INFO: [ app_init ] --END-- [ RunTime:0.001519s ]
ERR: 1064:You have an error in your SQL syntax; check the manual that corresponds to your MySQL server version for the right syntax to use near 'like ) AND (  %% ) )  ) t ON t.id=at.articleid INNER JOIN user u ON a.userid=u.i' at line 1
 [ SQL语句 ] : SELECT a.id,a.time,a.text,u.id as uid,u.imgurl,u.username FROM article_tags at RIGHT JOIN ( SELECT * FROM `tags` WHERE (  name ) AND (  (  like ) AND (  %% ) )  ) t ON t.id=at.articleid INNER JOIN user u ON a.userid=u.id INNER JOIN article a ON a.id=at.articleid  WHERE at.name LIKE '%ss%' GROUP BY a.id LIMIT 0,8  

[ 2016-06-07T23:11:07+08:00 ] ::1 /solarstory/index.php/home/story/search?key=ss+oo
INFO: [ app_init ] --START--
INFO: Run Behavior\BuildLiteBehavior [ RunTime:0.000014s ]
INFO: [ app_init ] --END-- [ RunTime:0.000793s ]
ERR: 1064:You have an error in your SQL syntax; check the manual that corresponds to your MySQL server version for the right syntax to use near 'like ) AND (  %% ) )  ) t ON t.id=at.articleid INNER JOIN user u ON a.userid=u.i' at line 1
 [ SQL语句 ] : SELECT a.id,a.time,a.text,u.id as uid,u.imgurl,u.username FROM article_tags at RIGHT JOIN ( SELECT * FROM `tags` WHERE (  name ) AND (  (  like ) AND (  %% ) )  ) t ON t.id=at.articleid INNER JOIN user u ON a.userid=u.id INNER JOIN article a ON a.id=at.articleid  WHERE ( at.name = null  ) GROUP BY a.id LIMIT 0,8  

[ 2016-06-07T23:12:42+08:00 ] ::1 /solarstory/index.php/home/story/search?key=ss+oo
INFO: [ app_init ] --START--
INFO: Run Behavior\BuildLiteBehavior [ RunTime:0.000022s ]
INFO: [ app_init ] --END-- [ RunTime:0.001096s ]
ERR: 1064:You have an error in your SQL syntax; check the manual that corresponds to your MySQL server version for the right syntax to use near 'like ) AND (  %% ) )  ) t ON t.id=at.articleid INNER JOIN user u ON a.userid=u.i' at line 1
 [ SQL语句 ] : SELECT a.id,a.time,a.text,u.id as uid,u.imgurl,u.username FROM article_tags at RIGHT JOIN ( SELECT * FROM `tags` WHERE (  name ) AND (  (  like ) AND (  %% ) )  ) t ON t.id=at.articleid INNER JOIN user u ON a.userid=u.id INNER JOIN article a ON a.id=at.articleid  WHERE at.name LIKE '%ss%' GROUP BY a.id LIMIT 0,8  

[ 2016-06-07T23:13:18+08:00 ] ::1 /solarstory/index.php/home/story/search?key=ss+oo
INFO: [ app_init ] --START--
INFO: Run Behavior\BuildLiteBehavior [ RunTime:0.000008s ]
INFO: [ app_init ] --END-- [ RunTime:0.000208s ]
ERR: 1054:Unknown column 'at.name' in 'where clause'
 [ SQL语句 ] : SELECT a.id,a.time,a.text,u.id as uid,u.imgurl,u.username FROM article_tags at RIGHT JOIN ( SELECT * FROM `tags` WHERE `name` LIKE '%%'  ) t ON t.id=at.articleid INNER JOIN user u ON a.userid=u.id INNER JOIN article a ON a.id=at.articleid  WHERE at.name LIKE '%ss%' GROUP BY a.id LIMIT 0,8  

[ 2016-06-07T23:13:49+08:00 ] ::1 /solarstory/index.php/home/story/search?key=ss+oo
INFO: [ app_init ] --START--
INFO: Run Behavior\BuildLiteBehavior [ RunTime:0.000012s ]
INFO: [ app_init ] --END-- [ RunTime:0.000255s ]
ERR: 1054:Unknown column 'a.userid' in 'on clause'
 [ SQL语句 ] : SELECT a.id,a.time,a.text,u.id as uid,u.imgurl,u.username FROM article_tags at RIGHT JOIN ( SELECT * FROM `tags` WHERE `name` LIKE '%%'  ) t ON t.id=at.articleid INNER JOIN user u ON a.userid=u.id INNER JOIN article a ON a.id=at.articleid  GROUP BY a.id LIMIT 0,8  

[ 2016-06-07T23:14:30+08:00 ] ::1 /solarstory/index.php/home/story/search?key=ss+oo
INFO: [ app_init ] --START--
INFO: Run Behavior\BuildLiteBehavior [ RunTime:0.000009s ]
INFO: [ app_init ] --END-- [ RunTime:0.000350s ]

[ 2016-06-07T23:15:02+08:00 ] ::1 /solarstory/index.php/home/story/search?key=ss+oo
INFO: [ app_init ] --START--
INFO: Run Behavior\BuildLiteBehavior [ RunTime:0.000009s ]
INFO: [ app_init ] --END-- [ RunTime:0.000222s ]

[ 2016-06-07T23:15:09+08:00 ] ::1 /solarstory/index.php/home/story/search?key=desw
INFO: [ app_init ] --START--
INFO: Run Behavior\BuildLiteBehavior [ RunTime:0.000013s ]
INFO: [ app_init ] --END-- [ RunTime:0.000437s ]

[ 2016-06-07T23:16:31+08:00 ] ::1 /solarstory/index.php/home/story/search?key=desw
INFO: [ app_init ] --START--
INFO: Run Behavior\BuildLiteBehavior [ RunTime:0.000019s ]
INFO: [ app_init ] --END-- [ RunTime:0.001001s ]

[ 2016-06-07T23:16:56+08:00 ] ::1 /solarstory/index.php/home/story/search?key=desw
INFO: [ app_init ] --START--
INFO: Run Behavior\BuildLiteBehavior [ RunTime:0.000009s ]
INFO: [ app_init ] --END-- [ RunTime:0.000268s ]

[ 2016-06-07T23:19:45+08:00 ] ::1 /solarstory/index.php/home/story/search?key=desw
INFO: [ app_init ] --START--
INFO: Run Behavior\BuildLiteBehavior [ RunTime:0.000022s ]
INFO: [ app_init ] --END-- [ RunTime:0.000961s ]

[ 2016-06-07T23:20:35+08:00 ] ::1 /solarstory/index.php/home/story/search?key=desw
INFO: [ app_init ] --START--
INFO: Run Behavior\BuildLiteBehavior [ RunTime:0.000015s ]
INFO: [ app_init ] --END-- [ RunTime:0.001155s ]

[ 2016-06-07T23:20:47+08:00 ] ::1 /solarstory/index.php/home/story/search?key=desw
INFO: [ app_init ] --START--
INFO: Run Behavior\BuildLiteBehavior [ RunTime:0.000013s ]
INFO: [ app_init ] --END-- [ RunTime:0.000709s ]

[ 2016-06-07T23:21:32+08:00 ] ::1 /solarstory/index.php/home/story/search?key=desw
INFO: [ app_init ] --START--
INFO: Run Behavior\BuildLiteBehavior [ RunTime:0.000014s ]
INFO: [ app_init ] --END-- [ RunTime:0.000789s ]

[ 2016-06-07T23:21:43+08:00 ] ::1 /solarstory/index.php/home/story/search?key=desw
INFO: [ app_init ] --START--
INFO: Run Behavior\BuildLiteBehavior [ RunTime:0.000017s ]
INFO: [ app_init ] --END-- [ RunTime:0.000667s ]

[ 2016-06-07T23:22:10+08:00 ] ::1 /solarstory/index.php/home/story/search?key=desw
INFO: [ app_init ] --START--
INFO: Run Behavior\BuildLiteBehavior [ RunTime:0.000013s ]
INFO: [ app_init ] --END-- [ RunTime:0.000568s ]

[ 2016-06-07T23:22:35+08:00 ] ::1 /solarstory/index.php/home/story/search?key=desw
INFO: [ app_init ] --START--
INFO: Run Behavior\BuildLiteBehavior [ RunTime:0.000009s ]
INFO: [ app_init ] --END-- [ RunTime:0.000338s ]

[ 2016-06-07T23:22:45+08:00 ] ::1 /solarstory/index.php/home/story/search?key=desw
INFO: [ app_init ] --START--
INFO: Run Behavior\BuildLiteBehavior [ RunTime:0.000015s ]
INFO: [ app_init ] --END-- [ RunTime:0.000443s ]

[ 2016-06-07T23:22:56+08:00 ] ::1 /solarstory/index.php/home/story/search?key=desw
INFO: [ app_init ] --START--
INFO: Run Behavior\BuildLiteBehavior [ RunTime:0.000017s ]
INFO: [ app_init ] --END-- [ RunTime:0.000496s ]

[ 2016-06-07T23:23:01+08:00 ] ::1 /solarstory/index.php/home/story/search?key=desw
INFO: [ app_init ] --START--
INFO: Run Behavior\BuildLiteBehavior [ RunTime:0.000009s ]
INFO: [ app_init ] --END-- [ RunTime:0.000206s ]

[ 2016-06-07T23:23:06+08:00 ] ::1 /solarstory/index.php/home/story/search?key=desw
INFO: [ app_init ] --START--
INFO: Run Behavior\BuildLiteBehavior [ RunTime:0.000011s ]
INFO: [ app_init ] --END-- [ RunTime:0.000333s ]

[ 2016-06-07T23:23:29+08:00 ] ::1 /solarstory/index.php/home/story/search?key=desw
INFO: [ app_init ] --START--
INFO: Run Behavior\BuildLiteBehavior [ RunTime:0.000009s ]
INFO: [ app_init ] --END-- [ RunTime:0.000208s ]

[ 2016-06-07T23:23:43+08:00 ] ::1 /solarstory/index.php/home/story/search?key=desw
INFO: [ app_init ] --START--
INFO: Run Behavior\BuildLiteBehavior [ RunTime:0.000019s ]
INFO: [ app_init ] --END-- [ RunTime:0.000768s ]

[ 2016-06-07T23:23:44+08:00 ] ::1 /solarstory/index.php/home/story/search?key=desw
INFO: [ app_init ] --START--
INFO: Run Behavior\BuildLiteBehavior [ RunTime:0.000009s ]
INFO: [ app_init ] --END-- [ RunTime:0.000198s ]

[ 2016-06-07T23:23:54+08:00 ] ::1 /solarstory/index.php/home/story/search?key=desw
INFO: [ app_init ] --START--
INFO: Run Behavior\BuildLiteBehavior [ RunTime:0.000011s ]
INFO: [ app_init ] --END-- [ RunTime:0.000228s ]

[ 2016-06-07T23:24:20+08:00 ] ::1 /solarstory/index.php/home/story/search?key=desw
INFO: [ app_init ] --START--
INFO: Run Behavior\BuildLiteBehavior [ RunTime:0.000009s ]
INFO: [ app_init ] --END-- [ RunTime:0.000204s ]

[ 2016-06-07T23:27:08+08:00 ] ::1 /solarstory/index.php/home/story/search?key=desw
INFO: [ app_init ] --START--
INFO: Run Behavior\BuildLiteBehavior [ RunTime:0.000017s ]
INFO: [ app_init ] --END-- [ RunTime:0.000693s ]

[ 2016-06-07T23:27:14+08:00 ] ::1 /solarstory/index.php/home/story/search?key=desw
INFO: [ app_init ] --START--
INFO: Run Behavior\BuildLiteBehavior [ RunTime:0.000011s ]
INFO: [ app_init ] --END-- [ RunTime:0.000229s ]

[ 2016-06-07T23:27:48+08:00 ] ::1 /solarstory/index.php/home/story/search?key=desw
INFO: [ app_init ] --START--
INFO: Run Behavior\BuildLiteBehavior [ RunTime:0.000021s ]
INFO: [ app_init ] --END-- [ RunTime:0.000869s ]

[ 2016-06-07T23:28:08+08:00 ] ::1 /solarstory/index.php/home/story/search?key=desw
INFO: [ app_init ] --START--
INFO: Run Behavior\BuildLiteBehavior [ RunTime:0.000012s ]
INFO: [ app_init ] --END-- [ RunTime:0.000262s ]

[ 2016-06-07T23:28:15+08:00 ] ::1 /solarstory/index.php/home/story/search?key=desw
INFO: [ app_init ] --START--
INFO: Run Behavior\BuildLiteBehavior [ RunTime:0.000012s ]
INFO: [ app_init ] --END-- [ RunTime:0.000250s ]

