[ 2016-06-08T19:11:12+08:00 ] ::1 /solarstory/Public/$imgurl
INFO: [ app_init ] --START--
INFO: Run Behavior\BuildLiteBehavior [ RunTime:0.000016s ]
INFO: [ app_init ] --END-- [ RunTime:0.000566s ]
ERR: 无法加载模块:Public

[ 2016-06-08T19:11:42+08:00 ] ::1 /solarstory/Public/$imgurl
INFO: [ app_init ] --START--
INFO: Run Behavior\BuildLiteBehavior [ RunTime:0.002004s ]
INFO: [ app_init ] --END-- [ RunTime:0.003883s ]
ERR: 无法加载模块:Public

[ 2016-06-08T19:12:01+08:00 ] ::1 /solarstory/Public/$imgurl
INFO: [ app_init ] --START--
INFO: Run Behavior\BuildLiteBehavior [ RunTime:0.000015s ]
INFO: [ app_init ] --END-- [ RunTime:0.000520s ]
ERR: 无法加载模块:Public

[ 2016-06-08T19:13:14+08:00 ] ::1 /solarstory/Public/$imgurl
INFO: [ app_init ] --START--
INFO: Run Behavior\BuildLiteBehavior [ RunTime:0.000017s ]
INFO: [ app_init ] --END-- [ RunTime:0.000622s ]
ERR: 无法加载模块:Public

[ 2016-06-08T19:13:27+08:00 ] ::1 /solarstory/Public/$imgurl
INFO: [ app_init ] --START--
INFO: Run Behavior\BuildLiteBehavior [ RunTime:0.000021s ]
INFO: [ app_init ] --END-- [ RunTime:0.002417s ]
ERR: 无法加载模块:Public

[ 2016-06-08T19:13:33+08:00 ] ::1 /solarstory/Public/$imgurl
INFO: [ app_init ] --START--
INFO: Run Behavior\BuildLiteBehavior [ RunTime:0.000014s ]
INFO: [ app_init ] --END-- [ RunTime:0.000356s ]
ERR: 无法加载模块:Public

[ 2016-06-08T19:14:39+08:00 ] ::1 /solarstory/Public/$imgurl
INFO: [ app_init ] --START--
INFO: Run Behavior\BuildLiteBehavior [ RunTime:0.000016s ]
INFO: [ app_init ] --END-- [ RunTime:0.000614s ]
ERR: 无法加载模块:Public

[ 2016-06-08T19:15:00+08:00 ] ::1 /solarstory/Public/$imgurl
INFO: [ app_init ] --START--
INFO: Run Behavior\BuildLiteBehavior [ RunTime:0.000019s ]
INFO: [ app_init ] --END-- [ RunTime:0.000608s ]
ERR: 无法加载模块:Public

[ 2016-06-08T19:15:02+08:00 ] ::1 /solarstory/Public/$imgurl
INFO: [ app_init ] --START--
INFO: Run Behavior\BuildLiteBehavior [ RunTime:0.000021s ]
INFO: [ app_init ] --END-- [ RunTime:0.003575s ]
ERR: 无法加载模块:Public

[ 2016-06-08T19:15:28+08:00 ] ::1 /solarstory/Public/$imgurl
INFO: [ app_init ] --START--
INFO: Run Behavior\BuildLiteBehavior [ RunTime:0.000018s ]
INFO: [ app_init ] --END-- [ RunTime:0.000516s ]
ERR: 无法加载模块:Public

[ 2016-06-08T19:22:36+08:00 ] ::1 /solarstory/Public/$imgurl
INFO: [ app_init ] --START--
INFO: Run Behavior\BuildLiteBehavior [ RunTime:0.000018s ]
INFO: [ app_init ] --END-- [ RunTime:0.000367s ]
ERR: 无法加载模块:Public

[ 2016-06-08T20:05:45+08:00 ] ::1 /solarstory/Public/js/pulpload/plupload/min.js
INFO: [ app_init ] --START--
INFO: Run Behavior\BuildLiteBehavior [ RunTime:0.000015s ]
INFO: [ app_init ] --END-- [ RunTime:0.000589s ]
ERR: 无法加载模块:Public

[ 2016-06-08T20:34:22+08:00 ] ::1 /solarstory/Public/js/pulpload/plupload/min.js
INFO: [ app_init ] --START--
INFO: Run Behavior\BuildLiteBehavior [ RunTime:0.000016s ]
INFO: [ app_init ] --END-- [ RunTime:0.000558s ]
ERR: 无法加载模块:Public

[ 2016-06-08T20:34:30+08:00 ] ::1 /solarstory/Public/js/pulpload/plupload/min.js
INFO: [ app_init ] --START--
INFO: Run Behavior\BuildLiteBehavior [ RunTime:0.000017s ]
INFO: [ app_init ] --END-- [ RunTime:0.000610s ]
ERR: 无法加载模块:Public

[ 2016-06-08T20:34:38+08:00 ] ::1 /solarstory/Public/js/pulpload/plupload/min.js
INFO: [ app_init ] --START--
INFO: Run Behavior\BuildLiteBehavior [ RunTime:0.000017s ]
INFO: [ app_init ] --END-- [ RunTime:0.000488s ]
ERR: 无法加载模块:Public

[ 2016-06-08T20:35:13+08:00 ] ::1 /solarstory/Public/js/pulpload/plupload/min.js
INFO: [ app_init ] --START--
INFO: Run Behavior\BuildLiteBehavior [ RunTime:0.000040s ]
INFO: [ app_init ] --END-- [ RunTime:0.000759s ]
ERR: 无法加载模块:Public

[ 2016-06-08T20:35:26+08:00 ] ::1 /solarstory/Public/js/pulpload/plupload/min.js
INFO: [ app_init ] --START--
INFO: Run Behavior\BuildLiteBehavior [ RunTime:0.000037s ]
INFO: [ app_init ] --END-- [ RunTime:0.000593s ]
ERR: 无法加载模块:Public

[ 2016-06-08T20:36:06+08:00 ] ::1 /solarstory/Public/js/pulpload/plupload/min.js
INFO: [ app_init ] --START--
INFO: Run Behavior\BuildLiteBehavior [ RunTime:0.000021s ]
INFO: [ app_init ] --END-- [ RunTime:0.001701s ]
ERR: 无法加载模块:Public

[ 2016-06-08T20:36:38+08:00 ] ::1 /solarstory/Public/js/pulpload/plupload/min.js
INFO: [ app_init ] --START--
INFO: Run Behavior\BuildLiteBehavior [ RunTime:0.000019s ]
INFO: [ app_init ] --END-- [ RunTime:0.000396s ]
ERR: 无法加载模块:Public

